#
# There is insufficient memory for the Java Runtime Environment to continue.
# Native memory allocation (malloc) failed to allocate 10578072 bytes. Error detail: Chunk::new
# Possible reasons:
#   The system is out of physical RAM or swap space
#   This process is running with CompressedOops enabled, and the Java Heap may be blocking the growth of the native heap
# Possible solutions:
#   Reduce memory load on the system
#   Increase physical memory or swap space
#   Check if swap backing store is full
#   Decrease Java heap size (-Xmx/-Xms)
#   Decrease number of Java threads
#   Decrease Java thread stack sizes (-Xss)
#   Set larger code cache with -XX:ReservedCodeCacheSize=
#   JVM is running with Unscaled Compressed Oops mode in which the Java heap is
#     placed in the first 4GB address space. The Java Heap base address is the
#     maximum limit for the native heap growth. Please use -XX:HeapBaseMinAddress
#     to set the Java Heap base and to place the Java Heap above 4GB virtual address.
# This output file may be truncated or incomplete.
#
#  Out of Memory Error (arena.cpp:186), pid=32032, tid=34732
#
# JRE version: Java(TM) SE Runtime Environment (25.0.1+8) (build 25.0.1+8-LTS-27)
# Java VM: Java HotSpot(TM) 64-Bit Server VM (25.0.1+8-LTS-27, mixed mode, sharing, tiered, compressed oops, compressed class ptrs, g1 gc, windows-amd64)
# No core dump will be written. Minidumps are not enabled by default on client versions of Windows
#

---------------  S U M M A R Y ------------

Command Line: --enable-native-access=ALL-UNNAMED -Dclassworlds.conf=C:\Users\ASUS\.m2\wrapper\dists\apache-maven-3.9.14\ed7edd442f634ac1c1ef5ba2b61b6d690b5221091f1a8e1123f5fadcc967520d\bin\m2.conf -Dmaven.home=C:\Users\ASUS\.m2\wrapper\dists\apache-maven-3.9.14\ed7edd442f634ac1c1ef5ba2b61b6d690b5221091f1a8e1123f5fadcc967520d -Dlibrary.jansi.path=C:\Users\ASUS\.m2\wrapper\dists\apache-maven-3.9.14\ed7edd442f634ac1c1ef5ba2b61b6d690b5221091f1a8e1123f5fadcc967520d\lib\jansi-native -Dmaven.multiModuleProjectDirectory=D:\SPRINGBOOT\register-system-backend-spring\register-system-backend-spring org.codehaus.plexus.classworlds.launcher.Launcher clean compile

Host: AMD Ryzen 7 7435HS                             , 16 cores, 7G,  Windows 11 , 64 bit Build 26100 (10.0.26100.5074)
Time: Sun Mar 29 23:13:05 2026 SE Asia Standard Time elapsed time: 8.997583 seconds (0d 0h 0m 8s)

---------------  T H R E A D  ---------------

Current thread (0x0000017a7f034210):  JavaThread "C2 CompilerThread0" daemon [_thread_in_native, id=34732, stack(0x0000005cc8700000,0x0000005cc8800000) (1024K)]


Current CompileTask:
C2:8997 7666       4       lombok.javac.handlers.JavacHandlerUtil::annotationTypeMatches (28 bytes)

Stack: [0x0000005cc8700000,0x0000005cc8800000]
Native frames: (J=compiled Java code, j=interpreted, Vv=VM code, C=native code)
V  [jvm.dll+0x7a6b59]  (no source info available)
V  [jvm.dll+0x77290d]  (no source info available)
V  [jvm.dll+0x966153]  (no source info available)
V  [jvm.dll+0x968751]  (no source info available)
V  [jvm.dll+0x968e53]  (no source info available)
V  [jvm.dll+0x2fc756]  (no source info available)
V  [jvm.dll+0x111b26]  (no source info available)
V  [jvm.dll+0x111e4e]  (no source info available)
V  [jvm.dll+0x1a0a22]  (no source info available)
V  [jvm.dll+0x3b53c2]  (no source info available)
V  [jvm.dll+0x7ac4ef]  (no source info available)
V  [jvm.dll+0x2c0ac7]  (no source info available)
V  [jvm.dll+0x2bfa8f]  (no source info available)
V  [jvm.dll+0x237b60]  (no source info available)
V  [jvm.dll+0x2cfb56]  (no source info available)
V  [jvm.dll+0x2cddd5]  (no source info available)
V  [jvm.dll+0x48e6d1]  (no source info available)
V  [jvm.dll+0x906a0d]  (no source info available)
V  [jvm.dll+0x7a5135]  (no source info available)
C  [ucrtbase.dll+0x37b0]  (no source info available)
C  [KERNEL32.DLL+0x2e8d7]  (no source info available)
C  [ntdll.dll+0x8d9c]  (no source info available)

Lock stack of current Java thread (top to bottom):


---------------  P R O C E S S  ---------------

Threads class SMR info:
_java_thread_list=0x0000017a0835abe0, length=16, elements={
0x0000017a61cb4bf0, 0x0000017a7f013210, 0x0000017a7f0149e0, 0x0000017a7f0152d0,
0x0000017a7f0183c0, 0x0000017a7f018e00, 0x0000017a7f01b5d0, 0x0000017a7f034210,
0x0000017a7f03d7c0, 0x0000017a7f03dfd0, 0x0000017a7f03eff0, 0x0000017a7f61d200,
0x0000017a7f6270d0, 0x0000017a7f041840, 0x0000017a04eef8e0, 0x0000017a04d4b890
}

Java Threads: ( => current thread )
  0x0000017a61cb4bf0 JavaThread "main"                              [_thread_in_vm, id=4244, stack(0x0000005cc7900000,0x0000005cc7a00000) (1024K)]
  0x0000017a7f013210 JavaThread "Reference Handler"          daemon [_thread_blocked, id=28064, stack(0x0000005cc8100000,0x0000005cc8200000) (1024K)]
  0x0000017a7f0149e0 JavaThread "Finalizer"                  daemon [_thread_blocked, id=31120, stack(0x0000005cc8200000,0x0000005cc8300000) (1024K)]
  0x0000017a7f0152d0 JavaThread "Signal Dispatcher"          daemon [_thread_blocked, id=13684, stack(0x0000005cc8300000,0x0000005cc8400000) (1024K)]
  0x0000017a7f0183c0 JavaThread "Attach Listener"            daemon [_thread_blocked, id=3452, stack(0x0000005cc8400000,0x0000005cc8500000) (1024K)]
  0x0000017a7f018e00 JavaThread "Service Thread"             daemon [_thread_blocked, id=26616, stack(0x0000005cc8500000,0x0000005cc8600000) (1024K)]
  0x0000017a7f01b5d0 JavaThread "Monitor Deflation Thread"   daemon [_thread_blocked, id=5456, stack(0x0000005cc8600000,0x0000005cc8700000) (1024K)]
=>0x0000017a7f034210 JavaThread "C2 CompilerThread0"         daemon [_thread_in_native, id=34732, stack(0x0000005cc8700000,0x0000005cc8800000) (1024K)]
  0x0000017a7f03d7c0 JavaThread "C1 CompilerThread0"         daemon [_thread_blocked, id=34496, stack(0x0000005cc8800000,0x0000005cc8900000) (1024K)]
  0x0000017a7f03dfd0 JavaThread "C1 CompilerThread1"         daemon [_thread_blocked, id=16400, stack(0x0000005cc8900000,0x0000005cc8a00000) (1024K)]
  0x0000017a7f03eff0 JavaThread "C1 CompilerThread2"         daemon [_thread_blocked, id=5896, stack(0x0000005cc8a00000,0x0000005cc8b00000) (1024K)]
  0x0000017a7f61d200 JavaThread "Notification Thread"        daemon [_thread_blocked, id=17572, stack(0x0000005cc8b00000,0x0000005cc8c00000) (1024K)]
  0x0000017a7f6270d0 JavaThread "Common-Cleaner"             daemon [_thread_blocked, id=6440, stack(0x0000005cc8c00000,0x0000005cc8d00000) (1024K)]
  0x0000017a7f041840 JavaThread "C1 CompilerThread3"         daemon [_thread_blocked, id=24348, stack(0x0000005cc8e00000,0x0000005cc8f00000) (1024K)]
  0x0000017a04eef8e0 JavaThread "Thread-1"                   daemon [_thread_blocked, id=13136, stack(0x0000005cc9300000,0x0000005cc9400000) (1024K)]
  0x0000017a04d4b890 JavaThread "C2 CompilerThread1"         daemon [_thread_in_native, id=21148, stack(0x0000005cc8d00000,0x0000005cc8e00000) (1024K)]
Total: 16

Other Threads:
  0x0000017a7effdfc0 VMThread "VM Thread"                           [id=35228, stack(0x0000005cc8000000,0x0000005cc8100000) (1024K)]
  0x0000017a7eed1e10 WatcherThread "VM Periodic Task Thread"        [id=34240, stack(0x0000005cc7f00000,0x0000005cc8000000) (1024K)]
  0x0000017a61d0bc80 WorkerThread "GC Thread#0"                     [id=21076, stack(0x0000005cc7a00000,0x0000005cc7b00000) (1024K)]
  0x0000017a04aecba0 WorkerThread "GC Thread#1"                     [id=39704, stack(0x0000005cc8f00000,0x0000005cc9000000) (1024K)]
  0x0000017a04ca4020 WorkerThread "GC Thread#2"                     [id=33056, stack(0x0000005cc9000000,0x0000005cc9100000) (1024K)]
  0x0000017a04c3f540 WorkerThread "GC Thread#3"                     [id=10312, stack(0x0000005cc9100000,0x0000005cc9200000) (1024K)]
  0x0000017a04c3f970 WorkerThread "GC Thread#4"                     [id=15720, stack(0x0000005cc9200000,0x0000005cc9300000) (1024K)]
  0x0000017a04ce13d0 WorkerThread "GC Thread#5"                     [id=8752, stack(0x0000005cc9400000,0x0000005cc9500000) (1024K)]
  0x0000017a04ce5030 WorkerThread "GC Thread#6"                     [id=38328, stack(0x0000005cc9500000,0x0000005cc9600000) (1024K)]
  0x0000017a04ce5480 WorkerThread "GC Thread#7"                     [id=35116, stack(0x0000005cc9600000,0x0000005cc9700000) (1024K)]
  0x0000017a04ce1820 WorkerThread "GC Thread#8"                     [id=27720, stack(0x0000005cc9700000,0x0000005cc9800000) (1024K)]
  0x0000017a04ce6170 WorkerThread "GC Thread#9"                     [id=7024, stack(0x0000005cc9800000,0x0000005cc9900000) (1024K)]
  0x0000017a05cdaa50 WorkerThread "GC Thread#10"                    [id=27744, stack(0x0000005cc9a00000,0x0000005cc9b00000) (1024K)]
  0x0000017a05cdde10 WorkerThread "GC Thread#11"                    [id=33316, stack(0x0000005cc9b00000,0x0000005cc9c00000) (1024K)]
  0x0000017a05ce04e0 WorkerThread "GC Thread#12"                    [id=37948, stack(0x0000005cc9c00000,0x0000005cc9d00000) (1024K)]
  0x0000017a61d250a0 ConcurrentGCThread "G1 Main Marker"            [id=24680, stack(0x0000005cc7b00000,0x0000005cc7c00000) (1024K)]
  0x0000017a61d267b0 WorkerThread "G1 Conc#0"                       [id=6164, stack(0x0000005cc7c00000,0x0000005cc7d00000) (1024K)]
  0x0000017a05ce0d80 WorkerThread "G1 Conc#1"                       [id=10040, stack(0x0000005cc9d00000,0x0000005cc9e00000) (1024K)]
  0x0000017a05cdef50 WorkerThread "G1 Conc#2"                       [id=30452, stack(0x0000005cc9e00000,0x0000005cc9f00000) (1024K)]
  0x0000017a7eec4020 ConcurrentGCThread "G1 Refine#0"               [id=32644, stack(0x0000005cc7d00000,0x0000005cc7e00000) (1024K)]
  0x0000017a7eec4830 ConcurrentGCThread "G1 Service"                [id=3256, stack(0x0000005cc7e00000,0x0000005cc7f00000) (1024K)]
Total: 21

Threads with active compile tasks:
C2 CompilerThread0  9061 7666       4       lombok.javac.handlers.JavacHandlerUtil::annotationTypeMatches (28 bytes)
C2 CompilerThread1  9061 7789   !   4       lombok.javac.JavacAST::drill (146 bytes)
Total: 2

VM state: not at safepoint (normal execution)

VM Mutex/Monitor currently owned by a thread: None

Heap address: 0x0000000082c00000, size: 2004 MB, Compressed Oops mode: 32-bit

CDS archive(s) mapped at: [0x0000000005000000-0x0000000005dd0000-0x0000000005dd0000), size 14483456, SharedBaseAddress: 0x0000000005000000, ArchiveRelocationMode: 1.
Compressed class space mapped at: 0x0000000006000000-0x0000000046000000, reserved size: 1073741824
UseCompressedClassPointers 1, UseCompactObjectHeaders 0
Narrow klass pointer bits 32, Max shift 3
Narrow klass base: 0x0000000005000000, Narrow klass shift: 0
Encoding Range: [0x0000000005000000 - 0x0000000105000000), (4294967296 bytes)
Klass Range:    [0x0000000005010000 - 0x0000000046000000), (1090453504 bytes)
Klass ID Range:  [65536 - 1090519033) (1090453497)
Protection zone: [0x0000000005000000 - 0x0000000005010000), (65536 bytes)

GC Precious Log:
 CardTable entry size: 512
 Card Set container configuration: InlinePtr #cards 5 size 8 Array Of Cards #cards 10 size 36 Howl #buckets 4 coarsen threshold 1843 Howl Bitmap #cards 512 size 80 coarsen threshold 460 Card regions per heap region 1 cards per card region 2048
 CPUs: 16 total, 16 available
 Memory: 8010M
 Large Page Support: Disabled
 NUMA Support: Disabled
 Compressed Oops: Enabled (32-bit)
 Heap Region Size: 1M
 Heap Min Capacity: 8M
 Heap Initial Capacity: 126M
 Heap Max Capacity: 2004M
 Pre-touch: Disabled
 Parallel Workers: 13
 Concurrent Workers: 3
 Concurrent Refinement Workers: 13
 Periodic GC: Disabled

Heap:
 garbage-first heap   total reserved 2052096K, committed 101376K, used 77741K [0x0000000082c00000, 0x0000000100000000)
  region size 1024K, 41 young (41984K), 2 survivors (2048K)

Heap Regions: E=young(eden), S=young(survivor), O=old, HS=humongous(starts), HC=humongous(continues), CS=collection set, F=free, TAMS=top-at-mark-start, PB=parsable bottom
|   0|0x0000000082c00000, 0x0000000082d00000, 0x0000000082d00000|100%| O|  |TAMS 0x0000000082c00000| PB 0x0000000082c00000| Untracked |  0
|   1|0x0000000082d00000, 0x0000000082e00000, 0x0000000082e00000|100%| O|  |TAMS 0x0000000082d00000| PB 0x0000000082d00000| Untracked |  0
|   2|0x0000000082e00000, 0x0000000082f00000, 0x0000000082f00000|100%| O|  |TAMS 0x0000000082e00000| PB 0x0000000082e00000| Untracked |  0
|   3|0x0000000082f00000, 0x0000000083000000, 0x0000000083000000|100%| O|  |TAMS 0x0000000082f00000| PB 0x0000000082f00000| Untracked |  0
|   4|0x0000000083000000, 0x0000000083100000, 0x0000000083100000|100%| O|  |TAMS 0x0000000083000000| PB 0x0000000083000000| Untracked |  0
|   5|0x0000000083100000, 0x0000000083200000, 0x0000000083200000|100%| O|  |TAMS 0x0000000083100000| PB 0x0000000083100000| Untracked |  0
|   6|0x0000000083200000, 0x0000000083300000, 0x0000000083300000|100%| O|  |TAMS 0x0000000083200000| PB 0x0000000083200000| Untracked |  0
|   7|0x0000000083300000, 0x0000000083400000, 0x0000000083400000|100%| O|  |TAMS 0x0000000083300000| PB 0x0000000083300000| Untracked |  0
|   8|0x0000000083400000, 0x0000000083500000, 0x0000000083500000|100%| O|  |TAMS 0x0000000083400000| PB 0x0000000083400000| Untracked |  0
|   9|0x0000000083500000, 0x0000000083600000, 0x0000000083600000|100%| O|  |TAMS 0x0000000083500000| PB 0x0000000083500000| Untracked |  0
|  10|0x0000000083600000, 0x000000008366b520, 0x0000000083700000| 41%| O|  |TAMS 0x0000000083600000| PB 0x0000000083600000| Untracked |  0
|  11|0x0000000083700000, 0x0000000083800000, 0x0000000083800000|100%|HS|  |TAMS 0x0000000083700000| PB 0x0000000083700000| Complete |  0
|  12|0x0000000083800000, 0x0000000083900000, 0x0000000083900000|100%| O|  |TAMS 0x0000000083800000| PB 0x0000000083800000| Untracked |  0
|  13|0x0000000083900000, 0x0000000083a00000, 0x0000000083a00000|100%| O|  |TAMS 0x0000000083900000| PB 0x0000000083900000| Untracked |  0
|  14|0x0000000083a00000, 0x0000000083b00000, 0x0000000083b00000|100%| O|  |TAMS 0x0000000083a00000| PB 0x0000000083a00000| Untracked |  0
|  15|0x0000000083b00000, 0x0000000083c00000, 0x0000000083c00000|100%|HS|  |TAMS 0x0000000083b00000| PB 0x0000000083b00000| Complete |  0
|  16|0x0000000083c00000, 0x0000000083d00000, 0x0000000083d00000|100%|HC|  |TAMS 0x0000000083c00000| PB 0x0000000083c00000| Complete |  0
|  17|0x0000000083d00000, 0x0000000083e00000, 0x0000000083e00000|100%|HC|  |TAMS 0x0000000083d00000| PB 0x0000000083d00000| Complete |  0
|  18|0x0000000083e00000, 0x0000000083f00000, 0x0000000083f00000|100%| O|  |TAMS 0x0000000083e00000| PB 0x0000000083e00000| Untracked |  0
|  19|0x0000000083f00000, 0x0000000084000000, 0x0000000084000000|100%| O|  |TAMS 0x0000000083f00000| PB 0x0000000083f00000| Untracked |  0
|  20|0x0000000084000000, 0x0000000084100000, 0x0000000084100000|100%| O|  |TAMS 0x0000000084000000| PB 0x0000000084000000| Untracked |  0
|  21|0x0000000084100000, 0x0000000084200000, 0x0000000084200000|100%| O|  |TAMS 0x0000000084100000| PB 0x0000000084100000| Untracked |  0
|  22|0x0000000084200000, 0x0000000084300000, 0x0000000084300000|100%| O|  |TAMS 0x0000000084200000| PB 0x0000000084200000| Untracked |  0
|  23|0x0000000084300000, 0x0000000084400000, 0x0000000084400000|100%| O|  |TAMS 0x0000000084300000| PB 0x0000000084300000| Untracked |  0
|  24|0x0000000084400000, 0x0000000084500000, 0x0000000084500000|100%| O|  |TAMS 0x0000000084400000| PB 0x0000000084400000| Untracked |  0
|  25|0x0000000084500000, 0x0000000084600000, 0x0000000084600000|100%| O|  |TAMS 0x0000000084500000| PB 0x0000000084500000| Untracked |  0
|  26|0x0000000084600000, 0x0000000084700000, 0x0000000084700000|100%| O|  |TAMS 0x0000000084600000| PB 0x0000000084600000| Untracked |  0
|  27|0x0000000084700000, 0x0000000084800000, 0x0000000084800000|100%| O|  |TAMS 0x0000000084700000| PB 0x0000000084700000| Untracked |  0
|  28|0x0000000084800000, 0x0000000084900000, 0x0000000084900000|100%| O|  |TAMS 0x0000000084800000| PB 0x0000000084800000| Untracked |  0
|  29|0x0000000084900000, 0x0000000084900000, 0x0000000084a00000|  0%| F|  |TAMS 0x0000000084900000| PB 0x0000000084900000| Untracked |  0
|  30|0x0000000084a00000, 0x0000000084a00000, 0x0000000084b00000|  0%| F|  |TAMS 0x0000000084a00000| PB 0x0000000084a00000| Untracked |  0
|  31|0x0000000084b00000, 0x0000000084b00000, 0x0000000084c00000|  0%| F|  |TAMS 0x0000000084b00000| PB 0x0000000084b00000| Untracked |  0
|  32|0x0000000084c00000, 0x0000000084c00000, 0x0000000084d00000|  0%| F|  |TAMS 0x0000000084c00000| PB 0x0000000084c00000| Untracked |  0
|  33|0x0000000084d00000, 0x0000000084d00000, 0x0000000084e00000|  0%| F|  |TAMS 0x0000000084d00000| PB 0x0000000084d00000| Untracked |  0
|  34|0x0000000084e00000, 0x0000000084e00000, 0x0000000084f00000|  0%| F|  |TAMS 0x0000000084e00000| PB 0x0000000084e00000| Untracked |  0
|  35|0x0000000084f00000, 0x0000000084f00000, 0x0000000085000000|  0%| F|  |TAMS 0x0000000084f00000| PB 0x0000000084f00000| Untracked |  0
|  36|0x0000000085000000, 0x0000000085000000, 0x0000000085100000|  0%| F|  |TAMS 0x0000000085000000| PB 0x0000000085000000| Untracked |  0
|  37|0x0000000085100000, 0x0000000085200000, 0x0000000085200000|100%| O|  |TAMS 0x0000000085100000| PB 0x0000000085100000| Untracked |  0
|  38|0x0000000085200000, 0x0000000085300000, 0x0000000085300000|100%| O|  |TAMS 0x0000000085200000| PB 0x0000000085200000| Untracked |  0
|  39|0x0000000085300000, 0x0000000085400000, 0x0000000085400000|100%| O|  |TAMS 0x0000000085300000| PB 0x0000000085300000| Untracked |  0
|  40|0x0000000085400000, 0x0000000085500000, 0x0000000085500000|100%| O|  |TAMS 0x0000000085400000| PB 0x0000000085400000| Untracked |  0
|  41|0x0000000085500000, 0x0000000085600000, 0x0000000085600000|100%| O|  |TAMS 0x0000000085500000| PB 0x0000000085500000| Untracked |  0
|  42|0x0000000085600000, 0x0000000085600000, 0x0000000085700000|  0%| F|  |TAMS 0x0000000085600000| PB 0x0000000085600000| Untracked |  0
|  43|0x0000000085700000, 0x0000000085700000, 0x0000000085800000|  0%| F|  |TAMS 0x0000000085700000| PB 0x0000000085700000| Untracked |  0
|  44|0x0000000085800000, 0x0000000085800000, 0x0000000085900000|  0%| F|  |TAMS 0x0000000085800000| PB 0x0000000085800000| Untracked |  0
|  45|0x0000000085900000, 0x0000000085900000, 0x0000000085a00000|  0%| F|  |TAMS 0x0000000085900000| PB 0x0000000085900000| Untracked |  0
|  46|0x0000000085a00000, 0x0000000085a00000, 0x0000000085b00000|  0%| F|  |TAMS 0x0000000085a00000| PB 0x0000000085a00000| Untracked |  0
|  47|0x0000000085b00000, 0x0000000085b00000, 0x0000000085c00000|  0%| F|  |TAMS 0x0000000085b00000| PB 0x0000000085b00000| Untracked |  0
|  48|0x0000000085c00000, 0x0000000085c00000, 0x0000000085d00000|  0%| F|  |TAMS 0x0000000085c00000| PB 0x0000000085c00000| Untracked |  0
|  49|0x0000000085d00000, 0x0000000085d00000, 0x0000000085e00000|  0%| F|  |TAMS 0x0000000085d00000| PB 0x0000000085d00000| Untracked |  0
|  50|0x0000000085e00000, 0x0000000085e00000, 0x0000000085f00000|  0%| F|  |TAMS 0x0000000085e00000| PB 0x0000000085e00000| Untracked |  0
|  51|0x0000000085f00000, 0x0000000085f00000, 0x0000000086000000|  0%| F|  |TAMS 0x0000000085f00000| PB 0x0000000085f00000| Untracked |  0
|  52|0x0000000086000000, 0x0000000086000000, 0x0000000086100000|  0%| F|  |TAMS 0x0000000086000000| PB 0x0000000086000000| Untracked |  0
|  53|0x0000000086100000, 0x0000000086100000, 0x0000000086200000|  0%| F|  |TAMS 0x0000000086100000| PB 0x0000000086100000| Untracked |  0
|  54|0x0000000086200000, 0x0000000086200000, 0x0000000086300000|  0%| F|  |TAMS 0x0000000086200000| PB 0x0000000086200000| Untracked |  0
|  55|0x0000000086300000, 0x0000000086380000, 0x0000000086400000| 50%| S|CS|TAMS 0x0000000086300000| PB 0x0000000086300000| Complete |  0
|  56|0x0000000086400000, 0x0000000086500000, 0x0000000086500000|100%| S|CS|TAMS 0x0000000086400000| PB 0x0000000086400000| Complete |  0
|  57|0x0000000086500000, 0x0000000086580000, 0x0000000086600000| 50%| E|  |TAMS 0x0000000086500000| PB 0x0000000086500000| Complete |  1
|  58|0x0000000086600000, 0x0000000086700000, 0x0000000086700000|100%| E|CS|TAMS 0x0000000086600000| PB 0x0000000086600000| Complete |  0
|  59|0x0000000086700000, 0x0000000086800000, 0x0000000086800000|100%| E|CS|TAMS 0x0000000086700000| PB 0x0000000086700000| Complete |  0
|  60|0x0000000086800000, 0x0000000086900000, 0x0000000086900000|100%| E|CS|TAMS 0x0000000086800000| PB 0x0000000086800000| Complete |  0
|  61|0x0000000086900000, 0x0000000086a00000, 0x0000000086a00000|100%| E|CS|TAMS 0x0000000086900000| PB 0x0000000086900000| Complete |  0
|  62|0x0000000086a00000, 0x0000000086b00000, 0x0000000086b00000|100%| E|CS|TAMS 0x0000000086a00000| PB 0x0000000086a00000| Complete |  0
|  63|0x0000000086b00000, 0x0000000086c00000, 0x0000000086c00000|100%| E|CS|TAMS 0x0000000086b00000| PB 0x0000000086b00000| Complete |  0
|  64|0x0000000086c00000, 0x0000000086d00000, 0x0000000086d00000|100%| E|CS|TAMS 0x0000000086c00000| PB 0x0000000086c00000| Complete |  0
|  65|0x0000000086d00000, 0x0000000086e00000, 0x0000000086e00000|100%| E|CS|TAMS 0x0000000086d00000| PB 0x0000000086d00000| Complete |  0
|  66|0x0000000086e00000, 0x0000000086f00000, 0x0000000086f00000|100%| E|CS|TAMS 0x0000000086e00000| PB 0x0000000086e00000| Complete |  0
|  67|0x0000000086f00000, 0x0000000087000000, 0x0000000087000000|100%| E|CS|TAMS 0x0000000086f00000| PB 0x0000000086f00000| Complete |  0
|  68|0x0000000087000000, 0x0000000087100000, 0x0000000087100000|100%| E|CS|TAMS 0x0000000087000000| PB 0x0000000087000000| Complete |  0
|  69|0x0000000087100000, 0x0000000087200000, 0x0000000087200000|100%| E|CS|TAMS 0x0000000087100000| PB 0x0000000087100000| Complete |  0
|  70|0x0000000087200000, 0x0000000087300000, 0x0000000087300000|100%| E|CS|TAMS 0x0000000087200000| PB 0x0000000087200000| Complete |  0
|  71|0x0000000087300000, 0x0000000087400000, 0x0000000087400000|100%| E|CS|TAMS 0x0000000087300000| PB 0x0000000087300000| Complete |  0
|  72|0x0000000087400000, 0x0000000087500000, 0x0000000087500000|100%| E|CS|TAMS 0x0000000087400000| PB 0x0000000087400000| Complete |  0
|  73|0x0000000087500000, 0x0000000087600000, 0x0000000087600000|100%| E|CS|TAMS 0x0000000087500000| PB 0x0000000087500000| Complete |  0
|  74|0x0000000087600000, 0x0000000087700000, 0x0000000087700000|100%| E|CS|TAMS 0x0000000087600000| PB 0x0000000087600000| Complete |  0
|  75|0x0000000087700000, 0x0000000087800000, 0x0000000087800000|100%| E|CS|TAMS 0x0000000087700000| PB 0x0000000087700000| Complete |  0
|  76|0x0000000087800000, 0x0000000087900000, 0x0000000087900000|100%| E|CS|TAMS 0x0000000087800000| PB 0x0000000087800000| Complete |  0
|  77|0x0000000087900000, 0x0000000087a00000, 0x0000000087a00000|100%| E|CS|TAMS 0x0000000087900000| PB 0x0000000087900000| Complete |  0
|  78|0x0000000087a00000, 0x0000000087b00000, 0x0000000087b00000|100%| E|CS|TAMS 0x0000000087a00000| PB 0x0000000087a00000| Complete |  0
|  79|0x0000000087b00000, 0x0000000087c00000, 0x0000000087c00000|100%| E|CS|TAMS 0x0000000087b00000| PB 0x0000000087b00000| Complete |  0
|  80|0x0000000087c00000, 0x0000000087d00000, 0x0000000087d00000|100%| E|CS|TAMS 0x0000000087c00000| PB 0x0000000087c00000| Complete |  0
|  81|0x0000000087d00000, 0x0000000087e00000, 0x0000000087e00000|100%| E|CS|TAMS 0x0000000087d00000| PB 0x0000000087d00000| Complete |  0
|  82|0x0000000087e00000, 0x0000000087f00000, 0x0000000087f00000|100%| E|CS|TAMS 0x0000000087e00000| PB 0x0000000087e00000| Complete |  0
|  83|0x0000000087f00000, 0x0000000088000000, 0x0000000088000000|100%| E|CS|TAMS 0x0000000087f00000| PB 0x0000000087f00000| Complete |  0
|  84|0x0000000088000000, 0x0000000088100000, 0x0000000088100000|100%| E|CS|TAMS 0x0000000088000000| PB 0x0000000088000000| Complete |  0
|  85|0x0000000088100000, 0x0000000088200000, 0x0000000088200000|100%| E|CS|TAMS 0x0000000088100000| PB 0x0000000088100000| Complete |  0
|  86|0x0000000088200000, 0x0000000088300000, 0x0000000088300000|100%| E|CS|TAMS 0x0000000088200000| PB 0x0000000088200000| Complete |  0
|  87|0x0000000088300000, 0x0000000088400000, 0x0000000088400000|100%| E|CS|TAMS 0x0000000088300000| PB 0x0000000088300000| Complete |  0
|  88|0x0000000088400000, 0x0000000088500000, 0x0000000088500000|100%| E|CS|TAMS 0x0000000088400000| PB 0x0000000088400000| Complete |  0
|  89|0x0000000088500000, 0x0000000088600000, 0x0000000088600000|100%| E|CS|TAMS 0x0000000088500000| PB 0x0000000088500000| Complete |  0
|  90|0x0000000088600000, 0x0000000088700000, 0x0000000088700000|100%| E|CS|TAMS 0x0000000088600000| PB 0x0000000088600000| Complete |  0
|  91|0x0000000088700000, 0x0000000088800000, 0x0000000088800000|100%| E|CS|TAMS 0x0000000088700000| PB 0x0000000088700000| Complete |  0
|  92|0x0000000088800000, 0x0000000088900000, 0x0000000088900000|100%| E|CS|TAMS 0x0000000088800000| PB 0x0000000088800000| Complete |  0
|  93|0x0000000088900000, 0x0000000088a00000, 0x0000000088a00000|100%| E|CS|TAMS 0x0000000088900000| PB 0x0000000088900000| Complete |  0
| 125|0x000000008a900000, 0x000000008aa00000, 0x000000008aa00000|100%| E|CS|TAMS 0x000000008a900000| PB 0x000000008a900000| Complete |  0
|2000|0x00000000ffc00000, 0x00000000ffd00000, 0x00000000ffd00000|100%| O|  |TAMS 0x00000000ffc00000| PB 0x00000000ffc00000| Untracked |  0
|2001|0x00000000ffd00000, 0x00000000ffe00000, 0x00000000ffe00000|100%| O|  |TAMS 0x00000000ffd00000| PB 0x00000000ffd00000| Untracked |  0
|2002|0x00000000ffe00000, 0x00000000fff00000, 0x00000000fff00000|100%| O|  |TAMS 0x00000000ffe00000| PB 0x00000000ffe00000| Untracked |  0
|2003|0x00000000fff00000, 0x0000000100000000, 0x0000000100000000|100%| E|CS|TAMS 0x00000000fff00000| PB 0x00000000fff00000| Complete |  0

Card table byte_map: [0x0000017a7a1c0000,0x0000017a7a5b0000] _byte_map_base: 0x0000017a79daa000

Marking Bits: (CMBitMap*) 0x0000017a61d0cc20
 Bits: [0x0000017a7a5b0000, 0x0000017a7c500000)

Polling page: 0x0000017a5fea0000

Metaspace:
Metaspace        used 30176K, committed 30656K, reserved 1114112K
 class space     used 2889K, committed 3072K, reserved 1048576K

Usage:
  Non-class:     26.65 MB used.
      Class:      2.82 MB used.
       Both:     29.47 MB used.

Virtual space:
  Non-class space:       64.00 MB reserved,      26.94 MB ( 42%) committed,  1 nodes.
      Class space:        1.00 GB reserved,       3.00 MB ( <1%) committed,  1 nodes.
             Both:        1.06 GB reserved,      29.94 MB (  3%) committed. 

Chunk freelists:
   Non-Class:  5.11 MB
       Class:  12.88 MB
        Both:  17.98 MB

MaxMetaspaceSize: unlimited
CompressedClassSpaceSize: 1.00 GB
Initial GC threshold: 21.00 MB
Current GC threshold: 35.31 MB
CDS: on
 - commit_granule_bytes: 65536.
 - commit_granule_words: 8192.
 - virtual_space_node_default_size: 8388608.
 - enlarge_chunks_in_place: 1.
UseCompressedClassPointers 1, UseCompactObjectHeaders 0
Narrow klass pointer bits 32, Max shift 3
Narrow klass base: 0x0000000005000000, Narrow klass shift: 0
Encoding Range: [0x0000000005000000 - 0x0000000105000000), (4294967296 bytes)
Klass Range:    [0x0000000005010000 - 0x0000000046000000), (1090453504 bytes)
Klass ID Range:  [65536 - 1090519033) (1090453497)
Protection zone: [0x0000000005000000 - 0x0000000005010000), (65536 bytes)


Internal statistics:

num_allocs_failed_limit: 3.
num_arena_births: 472.
num_arena_deaths: 0.
num_vsnodes_births: 2.
num_vsnodes_deaths: 0.
num_space_committed: 479.
num_space_uncommitted: 0.
num_chunks_returned_to_freelist: 3.
num_chunks_taken_from_freelist: 1630.
num_chunk_merges: 3.
num_chunk_splits: 1116.
num_chunks_enlarged: 832.
num_inconsistent_stats: 0.

CodeHeap 'non-profiled nmethods': size=119232Kb used=2979Kb max_used=2979Kb free=116252Kb
 bounds [0x0000017a720c0000, 0x0000017a723b0000, 0x0000017a79530000]
CodeHeap 'profiled nmethods': size=119104Kb used=14595Kb max_used=14595Kb free=104508Kb
 bounds [0x0000017a6a530000, 0x0000017a6b380000, 0x0000017a71980000]
CodeHeap 'non-nmethods': size=7424Kb used=3150Kb max_used=3267Kb free=4273Kb
 bounds [0x0000017a71980000, 0x0000017a71cd0000, 0x0000017a720c0000]
CodeCache: size=245760Kb, used=20724Kb, max_used=20841Kb, free=225033Kb
 total_blobs=8643, nmethods=8058, adapters=484, full_count=0
Compilation: enabled, stopped_count=0, restarted_count=0

Compilation events (20 events):
Event: 7.976 Thread 0x0000017a7f041840 nmethod 8032 0x0000017a6b359d08 code [0x0000017a6b359e00, 0x0000017a6b359f00]
Event: 7.976 Thread 0x0000017a7f03d7c0 nmethod 8034 0x0000017a6b35a008 code [0x0000017a6b35a100, 0x0000017a6b35a200]
Event: 7.976 Thread 0x0000017a7f03eff0 nmethod 8033 0x0000017a6b35a308 code [0x0000017a6b35a400, 0x0000017a6b35a500]
Event: 7.977 Thread 0x0000017a7f041840 8038       2       lombok.core.AST::get (14 bytes)
Event: 7.977 Thread 0x0000017a7f03eff0 8037       2       lombok.core.LombokNode::getNodeFor (9 bytes)
Event: 7.977 Thread 0x0000017a7f03eff0 nmethod 8037 0x0000017a6b35a608 code [0x0000017a6b35a700, 0x0000017a6b35a870]
Event: 7.977 Thread 0x0000017a7f041840 nmethod 8038 0x0000017a6b35a908 code [0x0000017a6b35aa00, 0x0000017a6b35ab68]
Event: 7.978 Thread 0x0000017a7f03dfd0 nmethod 8030 0x0000017a6b35ac08 code [0x0000017a6b35ad00, 0x0000017a6b35cec0]
Event: 7.982 Thread 0x0000017a7f03eff0 8040       2       lombok.javac.JavacTransformer$AnnotationVisitor::visitAnnotationOnMethod (34 bytes)
Event: 7.982 Thread 0x0000017a7f03eff0 nmethod 8040 0x0000017a6b35cf08 code [0x0000017a6b35d000, 0x0000017a6b35d1c8]
Event: 7.989 Thread 0x0000017a7f03eff0 8043       2       lombok.javac.JavacTransformer$AnnotationVisitor::visitAnnotationOnField (34 bytes)
Event: 7.990 Thread 0x0000017a7f03d7c0 8044       2       lombok.javac.JavacASTAdapter::endVisitLocal (1 bytes)
Event: 7.990 Thread 0x0000017a7f03d7c0 nmethod 8044 0x0000017a6b35d208 code [0x0000017a6b35d300, 0x0000017a6b35d400]
Event: 7.990 Thread 0x0000017a7f03eff0 nmethod 8043 0x0000017a6b35d508 code [0x0000017a6b35d600, 0x0000017a6b35d7c8]
Event: 7.990 Thread 0x0000017a7f03d7c0 8045       2       java.net.URI::normalize (5 bytes)
Event: 7.990 Thread 0x0000017a7f041840 8046       2       java.net.URI::normalize (115 bytes)
Event: 7.990 Thread 0x0000017a7f03d7c0 nmethod 8045 0x0000017a6b35d808 code [0x0000017a6b35d900, 0x0000017a6b35da18]
Event: 7.991 Thread 0x0000017a7f041840 nmethod 8046 0x0000017a6b35db08 code [0x0000017a6b35dc00, 0x0000017a6b35e0d0]
Event: 7.991 Thread 0x0000017a7f041840 8047       2       lombok.javac.JavacAST::buildType (203 bytes)
Event: 7.993 Thread 0x0000017a7f041840 nmethod 8047 0x0000017a6b35e108 code [0x0000017a6b35e200, 0x0000017a6b35f700]

GC Heap Usage History (12 events):
Event: 1.136 {heap Before GC invocations=0 (full 0):
 garbage-first heap   total reserved 2052096K, committed 131072K, used 49301K [0x0000000082c00000, 0x0000000100000000)
  region size 1024K, 47 young (48128K), 0 survivors (0K)
}
Event: 1.142 {heap After GC invocations=1 (full 0):
 garbage-first heap   total reserved 2052096K, committed 131072K, used 5685K [0x0000000082c00000, 0x0000000100000000)
  region size 1024K, 5 young (5120K), 5 survivors (5120K)
}
Event: 2.094 {heap Before GC invocations=1 (full 0):
 garbage-first heap   total reserved 2052096K, committed 131072K, used 60981K [0x0000000082c00000, 0x0000000100000000)
  region size 1024K, 59 young (60416K), 5 survivors (5120K)
}
Event: 2.105 {heap After GC invocations=2 (full 0):
 garbage-first heap   total reserved 2052096K, committed 131072K, used 11768K [0x0000000082c00000, 0x0000000100000000)
  region size 1024K, 8 young (8192K), 8 survivors (8192K)
}
Event: 3.371 {heap Before GC invocations=2 (full 0):
 garbage-first heap   total reserved 2052096K, committed 131072K, used 76280K [0x0000000082c00000, 0x0000000100000000)
  region size 1024K, 71 young (72704K), 8 survivors (8192K)
}
Event: 3.386 {heap After GC invocations=3 (full 0):
 garbage-first heap   total reserved 2052096K, committed 131072K, used 15385K [0x0000000082c00000, 0x0000000100000000)
  region size 1024K, 4 young (4096K), 4 survivors (4096K)
}
Event: 4.487 {heap Before GC invocations=3 (full 0):
 garbage-first heap   total reserved 2052096K, committed 131072K, used 65561K [0x0000000082c00000, 0x0000000100000000)
  region size 1024K, 47 young (48128K), 4 survivors (4096K)
}
Event: 4.494 {heap After GC invocations=4 (full 0):
 garbage-first heap   total reserved 2052096K, committed 131072K, used 27714K [0x0000000082c00000, 0x0000000100000000)
  region size 1024K, 10 young (10240K), 10 survivors (10240K)
}
Event: 5.815 {heap Before GC invocations=5 (full 0):
 garbage-first heap   total reserved 2052096K, committed 99328K, used 77890K [0x0000000082c00000, 0x0000000100000000)
  region size 1024K, 58 young (59392K), 10 survivors (10240K)
}
Event: 5.853 {heap After GC invocations=6 (full 0):
 garbage-first heap   total reserved 2052096K, committed 101376K, used 36930K [0x0000000082c00000, 0x0000000100000000)
  region size 1024K, 8 young (8192K), 8 survivors (8192K)
}
Event: 7.549 {heap Before GC invocations=6 (full 0):
 garbage-first heap   total reserved 2052096K, committed 101376K, used 74818K [0x0000000082c00000, 0x0000000100000000)
  region size 1024K, 46 young (47104K), 8 survivors (8192K)
}
Event: 7.563 {heap After GC invocations=7 (full 0):
 garbage-first heap   total reserved 2052096K, committed 101376K, used 38829K [0x0000000082c00000, 0x0000000100000000)
  region size 1024K, 2 young (2048K), 2 survivors (2048K)
}

Metaspace Usage History (12 events):
Event: 1.136 {metaspace Before GC invocations=0 (full 0):
 Metaspace       used 8869K, committed 9024K, reserved 1114112K
  class space    used 774K, committed 832K, reserved 1048576K
}
Event: 1.142 {metaspace After GC invocations=1 (full 0):
 Metaspace       used 8869K, committed 9024K, reserved 1114112K
  class space    used 774K, committed 832K, reserved 1048576K
}
Event: 2.094 {metaspace Before GC invocations=1 (full 0):
 Metaspace       used 15246K, committed 15488K, reserved 1114112K
  class space    used 1451K, committed 1536K, reserved 1048576K
}
Event: 2.105 {metaspace After GC invocations=2 (full 0):
 Metaspace       used 15246K, committed 15488K, reserved 1114112K
  class space    used 1451K, committed 1536K, reserved 1048576K
}
Event: 3.371 {metaspace Before GC invocations=2 (full 0):
 Metaspace       used 16728K, committed 17024K, reserved 1114112K
  class space    used 1571K, committed 1728K, reserved 1048576K
}
Event: 3.386 {metaspace After GC invocations=3 (full 0):
 Metaspace       used 16728K, committed 17024K, reserved 1114112K
  class space    used 1571K, committed 1728K, reserved 1048576K
}
Event: 4.487 {metaspace Before GC invocations=3 (full 0):
 Metaspace       used 21250K, committed 21504K, reserved 1114112K
  class space    used 1994K, committed 2112K, reserved 1048576K
}
Event: 4.494 {metaspace After GC invocations=4 (full 0):
 Metaspace       used 21250K, committed 21504K, reserved 1114112K
  class space    used 1994K, committed 2112K, reserved 1048576K
}
Event: 5.815 {metaspace Before GC invocations=5 (full 0):
 Metaspace       used 27031K, committed 27456K, reserved 1114112K
  class space    used 2558K, committed 2752K, reserved 1048576K
}
Event: 5.853 {metaspace After GC invocations=6 (full 0):
 Metaspace       used 27031K, committed 27456K, reserved 1114112K
  class space    used 2558K, committed 2752K, reserved 1048576K
}
Event: 7.549 {metaspace Before GC invocations=6 (full 0):
 Metaspace       used 29279K, committed 29760K, reserved 1114112K
  class space    used 2811K, committed 3008K, reserved 1048576K
}
Event: 7.563 {metaspace After GC invocations=7 (full 0):
 Metaspace       used 29279K, committed 29760K, reserved 1114112K
  class space    used 2811K, committed 3008K, reserved 1048576K
}

Dll operation events (7 events):
Event: 0.008 Loaded shared library C:\Program Files\Java\jdk-25\bin\java.dll
Event: 0.042 Loaded shared library C:\Program Files\Java\jdk-25\bin\net.dll
Event: 0.045 Loaded shared library C:\Program Files\Java\jdk-25\bin\nio.dll
Event: 0.049 Loaded shared library C:\Program Files\Java\jdk-25\bin\zip.dll
Event: 0.206 Loaded shared library C:\Program Files\Java\jdk-25\bin\jimage.dll
Event: 0.208 Loaded shared library C:\Users\ASUS\.m2\wrapper\dists\apache-maven-3.9.14\ed7edd442f634ac1c1ef5ba2b61b6d690b5221091f1a8e1123f5fadcc967520d\lib\jansi-native\Windows\x86_64\jansi.dll
Event: 0.228 Loaded shared library C:\Program Files\Java\jdk-25\bin\verify.dll

Deoptimization events (20 events):
Event: 7.975 Thread 0x0000017a61cb4bf0 DEOPT PACKING pc=0x0000017a7239de3c sp=0x0000005cc79fd510
Event: 7.975 Thread 0x0000017a61cb4bf0 DEOPT UNPACKING pc=0x0000017a71a9f182 sp=0x0000005cc79fd4a8 mode 2
Event: 7.975 Thread 0x0000017a61cb4bf0 Uncommon trap: trap_request=0xffffffc6 fr.pc=0x0000017a7239e200 relative=0x0000000000000f80
Event: 7.975 Thread 0x0000017a61cb4bf0 Uncommon trap: reason=bimorphic_or_optimized_type_check action=maybe_recompile pc=0x0000017a7239e200 method=lombok.javac.JavacNode.traverse(Llombok/javac/JavacASTVisitor;)V @ 113 c2
Event: 7.975 Thread 0x0000017a61cb4bf0 DEOPT PACKING pc=0x0000017a7239e200 sp=0x0000005cc79fd400
Event: 7.975 Thread 0x0000017a61cb4bf0 DEOPT UNPACKING pc=0x0000017a71a9f182 sp=0x0000005cc79fd388 mode 2
Event: 7.975 Thread 0x0000017a61cb4bf0 Uncommon trap: trap_request=0xffffffc6 fr.pc=0x0000017a7239ddcc relative=0x0000000000000b4c
Event: 7.975 Thread 0x0000017a61cb4bf0 Uncommon trap: reason=bimorphic_or_optimized_type_check action=maybe_recompile pc=0x0000017a7239ddcc method=lombok.javac.JavacNode.traverse(Llombok/javac/JavacASTVisitor;)V @ 490 c2
Event: 7.975 Thread 0x0000017a61cb4bf0 DEOPT PACKING pc=0x0000017a7239ddcc sp=0x0000005cc79fd2e0
Event: 7.975 Thread 0x0000017a61cb4bf0 DEOPT UNPACKING pc=0x0000017a71a9f182 sp=0x0000005cc79fd260 mode 2
Event: 7.975 Thread 0x0000017a61cb4bf0 Uncommon trap: trap_request=0xffffffc6 fr.pc=0x0000017a7239ddcc relative=0x0000000000000b4c
Event: 7.975 Thread 0x0000017a61cb4bf0 Uncommon trap: reason=bimorphic_or_optimized_type_check action=maybe_recompile pc=0x0000017a7239ddcc method=lombok.javac.JavacNode.traverse(Llombok/javac/JavacASTVisitor;)V @ 490 c2
Event: 7.975 Thread 0x0000017a61cb4bf0 DEOPT PACKING pc=0x0000017a7239ddcc sp=0x0000005cc79fd2e0
Event: 7.975 Thread 0x0000017a61cb4bf0 DEOPT UNPACKING pc=0x0000017a71a9f182 sp=0x0000005cc79fd260 mode 2
Event: 7.992 Thread 0x0000017a61cb4bf0 DEOPT PACKING pc=0x0000017a6b16a22d sp=0x0000005cc79fcfa0
Event: 7.992 Thread 0x0000017a61cb4bf0 DEOPT UNPACKING pc=0x0000017a719d1702 sp=0x0000005cc79fc488 mode 0
Event: 7.995 Thread 0x0000017a61cb4bf0 Uncommon trap: trap_request=0xffffff45 fr.pc=0x0000017a721b06a0 relative=0x0000000000000f20
Event: 7.995 Thread 0x0000017a61cb4bf0 Uncommon trap: reason=unstable_if action=reinterpret pc=0x0000017a721b06a0 method=java.util.HashMap.hash(Ljava/lang/Object;)I @ 1 c2
Event: 7.995 Thread 0x0000017a61cb4bf0 DEOPT PACKING pc=0x0000017a721b06a0 sp=0x0000005cc79fd6a0
Event: 8.995 Thread 0x0000017a61cb4bf0 DEOPT UNPACKING pc=0x0000017a71a9f182 sp=0x0000005cc79fd590 mode 2

Classes loaded (20 events):
Event: 7.119 Loading class java/util/IdentityHashMap$EntryIterator$Entry
Event: 7.120 Loading class java/util/IdentityHashMap$EntryIterator$Entry done
Event: 7.142 Loading class java/util/function/UnaryOperator
Event: 7.142 Loading class java/util/function/UnaryOperator done
Event: 7.164 Loading class java/util/regex/Pattern$Caret
Event: 7.165 Loading class java/util/regex/Pattern$Caret done
Event: 7.301 Loading class java/util/regex/Pattern$SliceI
Event: 7.302 Loading class java/util/regex/Pattern$SliceI done
Event: 7.306 Loading class java/util/regex/Pattern$Loop
Event: 7.306 Loading class java/util/regex/Pattern$Loop done
Event: 7.306 Loading class java/util/regex/Pattern$Prolog
Event: 7.306 Loading class java/util/regex/Pattern$Prolog done
Event: 7.336 Loading class java/lang/invoke/MethodHandleImpl$ArrayAccessor
Event: 7.337 Loading class java/lang/invoke/MethodHandleImpl$ArrayAccessor done
Event: 7.337 Loading class java/lang/invoke/MethodHandleImpl$ArrayAccessor$1
Event: 7.338 Loading class java/lang/invoke/MethodHandleImpl$ArrayAccessor$1 done
Event: 7.343 Loading class java/lang/invoke/BoundMethodHandle$Species_LLLLLL
Event: 7.343 Loading class java/lang/invoke/BoundMethodHandle$Species_LLLLLL done
Event: 7.416 Loading class java/lang/invoke/BoundMethodHandle$Species_LLLLLLL
Event: 7.416 Loading class java/lang/invoke/BoundMethodHandle$Species_LLLLLLL done

Classes unloaded (0 events):
No events

Classes redefined (0 events):
No events

Internal exceptions (20 events):
Event: 7.387 Thread 0x0000017a61cb4bf0 Implicit null exception at 0x0000017a7232525f to 0x0000017a723258b4
Event: 7.390 Thread 0x0000017a61cb4bf0 Exception <a 'java/lang/NoSuchMethodError'{0x0000000086a5f328}: 'java.lang.Object java.lang.invoke.DirectMethodHandle$Holder.invokeVirtual(java.lang.Object, java.lang.Object, java.lang.Object, java.lang.Object, java.lang.Object, java.lang.Object)'> (0x0000000086a5f328) 
thrown [s\open\src\hotspot\share\interpreter\linkResolver.cpp, line 804]
Event: 7.393 Thread 0x0000017a61cb4bf0 Implicit null exception at 0x0000017a7226aa2d to 0x0000017a7226ab90
Event: 7.395 Thread 0x0000017a61cb4bf0 Exception <a 'java/lang/NoSuchMethodError'{0x0000000086aaabd8}: 'void java.lang.invoke.DirectMethodHandle$Holder.invokeVirtual(java.lang.Object, java.lang.Object, java.lang.Object, java.lang.Object)'> (0x0000000086aaabd8) 
thrown [s\open\src\hotspot\share\interpreter\linkResolver.cpp, line 804]
Event: 7.410 Thread 0x0000017a61cb4bf0 Exception <a 'java/lang/NoSuchMethodError'{0x00000000869402d8}: 'java.lang.Object java.lang.invoke.DirectMethodHandle$Holder.invokeVirtual(java.lang.Object, java.lang.Object, long, java.lang.Object)'> (0x00000000869402d8) 
thrown [s\open\src\hotspot\share\interpreter\linkResolver.cpp, line 804]
Event: 7.411 Thread 0x0000017a61cb4bf0 Exception <a 'java/lang/NoSuchMethodError'{0x0000000086950a60}: 'java.lang.Object java.lang.invoke.DelegatingMethodHandle$Holder.reinvoke_L(java.lang.Object, java.lang.Object, long, java.lang.Object)'> (0x0000000086950a60) 
thrown [s\open\src\hotspot\share\interpreter\linkResolver.cpp, line 804]
Event: 7.413 Thread 0x0000017a61cb4bf0 Exception <a 'java/lang/NoSuchMethodError'{0x0000000086979370}: 'java.lang.Object java.lang.invoke.DirectMethodHandle$Holder.invokeVirtual(java.lang.Object, java.lang.Object, java.lang.Object, java.lang.Object, java.lang.Object, java.lang.Object, java.lang.Object, java.lang.Object, java.lang.Object, java.lang.Object)'> (0x0000000086979370) 
thrown [s\open\src\hotspot\share\interpreter\linkResolver.cpp, line 804]
Event: 7.418 Thread 0x0000017a61cb4bf0 Exception <a 'java/lang/NoSuchMethodError'{0x00000000869d30e8}: 'java.lang.Object java.lang.invoke.DirectMethodHandle$Holder.invokeStatic(java.lang.Object, java.lang.Object, java.lang.Object, java.lang.Object, java.lang.Object, java.lang.Object, java.lang.Object, java.lang.Object, java.lang.Object, java.lang.Object)'> (0x00000000869d30e8) 
thrown [s\open\src\hotspot\share\interpreter\linkResolver.cpp, line 804]
Event: 7.499 Thread 0x0000017a61cb4bf0 Exception <a 'java/lang/NoSuchMethodError'{0x00000000866093f8}: 'java.lang.Object java.lang.invoke.DirectMethodHandle$Holder.invokeVirtual(java.lang.Object, java.lang.Object, java.lang.Object, java.lang.Object, java.lang.Object, java.lang.Object, java.lang.Object)'> (0x00000000866093f8) 
thrown [s\open\src\hotspot\share\interpreter\linkResolver.cpp, line 804]
Event: 7.511 Thread 0x0000017a61cb4bf0 Exception <a 'java/lang/NoSuchMethodError'{0x000000008667aee8}: 'java.lang.Object java.lang.invoke.DirectMethodHandle$Holder.invokeVirtual(java.lang.Object, java.lang.Object, java.lang.Object, java.lang.Object, java.lang.Object)'> (0x000000008667aee8) 
thrown [s\open\src\hotspot\share\interpreter\linkResolver.cpp, line 804]
Event: 7.513 Thread 0x0000017a61cb4bf0 Exception <a 'java/lang/NoSuchMethodError'{0x000000008669e298}: 'java.lang.Object java.lang.invoke.Invokers$Holder.invokeExact_MT(java.lang.Object, java.lang.Object, java.lang.Object, java.lang.Object, java.lang.Object, java.lang.Object)'> (0x000000008669e298) 
thrown [s\open\src\hotspot\share\interpreter\linkResolver.cpp, line 804]
Event: 7.522 Thread 0x0000017a61cb4bf0 Implicit null exception at 0x0000017a72334c96 to 0x0000017a72335448
Event: 7.613 Thread 0x0000017a61cb4bf0 Implicit null exception at 0x0000017a72398da1 to 0x0000017a7239910e
Event: 7.669 Thread 0x0000017a61cb4bf0 Implicit null exception at 0x0000017a72333682 to 0x0000017a72333d30
Event: 7.834 Thread 0x0000017a61cb4bf0 Implicit null exception at 0x0000017a72327636 to 0x0000017a723278f4
Event: 7.837 Thread 0x0000017a61cb4bf0 Exception <a 'sun/nio/fs/WindowsException'{0x0000000087c94140}> (0x0000000087c94140) 
thrown [s\open\src\hotspot\share\prims\jni.cpp, line 516]
Event: 7.837 Thread 0x0000017a61cb4bf0 Exception <a 'sun/nio/fs/WindowsException'{0x0000000087c94c58}> (0x0000000087c94c58) 
thrown [s\open\src\hotspot\share\prims\jni.cpp, line 516]
Event: 7.928 Thread 0x0000017a61cb4bf0 Exception <a 'sun/nio/fs/WindowsException'{0x000000008762eeb8}> (0x000000008762eeb8) 
thrown [s\open\src\hotspot\share\prims\jni.cpp, line 516]
Event: 7.928 Thread 0x0000017a61cb4bf0 Exception <a 'sun/nio/fs/WindowsException'{0x000000008762f9d0}> (0x000000008762f9d0) 
thrown [s\open\src\hotspot\share\prims\jni.cpp, line 516]
Event: 7.995 Thread 0x0000017a61cb4bf0 Implicit null exception at 0x0000017a721af7cf to 0x0000017a721b0688

VM Operations (20 events):
Event: 4.487 Executing safepoint VM operation: CollectForMetadataAllocation (Metadata GC Threshold)
Event: 4.494 Executing safepoint VM operation: CollectForMetadataAllocation (Metadata GC Threshold) done
Event: 4.503 Executing safepoint VM operation: G1PauseRemark
Event: 4.507 Executing safepoint VM operation: G1PauseRemark done
Event: 4.510 Executing safepoint VM operation: G1PauseCleanup
Event: 4.514 Executing safepoint VM operation: G1PauseCleanup done
Event: 4.998 Executing non-safepoint VM operation: HandshakeAllThreads (Deoptimize)
Event: 4.998 Executing non-safepoint VM operation: HandshakeAllThreads (Deoptimize) done
Event: 5.718 Executing non-safepoint VM operation: HandshakeAllThreads (Deoptimize)
Event: 5.718 Executing non-safepoint VM operation: HandshakeAllThreads (Deoptimize) done
Event: 5.815 Executing safepoint VM operation: G1CollectForAllocation (G1 Evacuation Pause)
Event: 5.853 Executing safepoint VM operation: G1CollectForAllocation (G1 Evacuation Pause) done
Event: 5.927 Executing non-safepoint VM operation: HandshakeAllThreads (Deoptimize)
Event: 5.928 Executing non-safepoint VM operation: HandshakeAllThreads (Deoptimize) done
Event: 7.359 Executing non-safepoint VM operation: HandshakeAllThreads (Deoptimize)
Event: 7.359 Executing non-safepoint VM operation: HandshakeAllThreads (Deoptimize) done
Event: 7.473 Executing non-safepoint VM operation: HandshakeAllThreads (Deoptimize)
Event: 7.473 Executing non-safepoint VM operation: HandshakeAllThreads (Deoptimize) done
Event: 7.549 Executing safepoint VM operation: G1CollectForAllocation (G1 Evacuation Pause)
Event: 7.563 Executing safepoint VM operation: G1CollectForAllocation (G1 Evacuation Pause) done

Memory protections (0 events):
No events

Nmethod flushes (0 events):
No events

Events (20 events):
Event: 0.028 Thread 0x0000017a61cb4bf0 Thread added: 0x0000017a7f0152d0
Event: 0.028 Thread 0x0000017a61cb4bf0 Thread added: 0x0000017a7f0183c0
Event: 0.028 Thread 0x0000017a61cb4bf0 Thread added: 0x0000017a7f018e00
Event: 0.028 Thread 0x0000017a61cb4bf0 Thread added: 0x0000017a7f01b5d0
Event: 0.028 Thread 0x0000017a61cb4bf0 Thread added: 0x0000017a7f034210
Event: 0.028 Thread 0x0000017a61cb4bf0 Thread added: 0x0000017a7f03d7c0
Event: 0.032 Thread 0x0000017a7f03d7c0 Thread added: 0x0000017a7f03dfd0
Event: 0.034 Thread 0x0000017a7f03d7c0 Thread added: 0x0000017a7f03eff0
Event: 0.036 Thread 0x0000017a61cb4bf0 Thread added: 0x0000017a7f61d200
Event: 0.038 Thread 0x0000017a61cb4bf0 Thread added: 0x0000017a7f6270d0
Event: 0.081 Thread 0x0000017a7f03d7c0 Thread added: 0x0000017a7f03cfb0
Event: 0.203 Thread 0x0000017a61cb4bf0 Thread added: 0x0000017a040968e0
Event: 0.214 Thread 0x0000017a040968e0 Thread exited: 0x0000017a040968e0
Event: 0.359 Thread 0x0000017a7f03d7c0 Thread added: 0x0000017a7f041840
Event: 1.547 Thread 0x0000017a61cb4bf0 Thread added: 0x0000017a04eef8e0
Event: 2.805 Thread 0x0000017a7f034210 Thread added: 0x0000017a04d467f0
Event: 3.414 Thread 0x0000017a04d467f0 Thread exited: 0x0000017a04d467f0
Event: 3.890 Thread 0x0000017a7f041840 Thread added: 0x0000017a04d467f0
Event: 6.112 Thread 0x0000017a04d467f0 Thread exited: 0x0000017a04d467f0
Event: 7.061 Thread 0x0000017a7f03cfb0 Thread exited: 0x0000017a7f03cfb0


Dynamic libraries:
0x00007ff753790000 - 0x00007ff7537a0000 	C:\Program Files\Java\jdk-25\bin\java.exe
0x00007ffeb05c0000 - 0x00007ffeb0829000 	C:\WINDOWS\SYSTEM32\ntdll.dll
0x00007ffeae710000 - 0x00007ffeae7d9000 	C:\WINDOWS\System32\KERNEL32.DLL
0x00007ffeadab0000 - 0x00007ffeadea3000 	C:\WINDOWS\System32\KERNELBASE.dll
0x00007ffeadeb0000 - 0x00007ffeadffb000 	C:\WINDOWS\System32\ucrtbase.dll
0x00007ffe8e5a0000 - 0x00007ffe8e5be000 	C:\Program Files\Java\jdk-25\bin\VCRUNTIME140.dll
0x00007ffe95120000 - 0x00007ffe95137000 	C:\Program Files\Java\jdk-25\bin\jli.dll
0x00007ffeafa20000 - 0x00007ffeafbe4000 	C:\WINDOWS\System32\USER32.dll
0x00007ffeae000000 - 0x00007ffeae027000 	C:\WINDOWS\System32\win32u.dll
0x00007ffe93cb0000 - 0x00007ffe93f43000 	C:\WINDOWS\WinSxS\amd64_microsoft.windows.common-controls_6595b64144ccf1df_6.0.26100.5074_none_3e0d6f78e32fd63f\COMCTL32.dll
0x00007ffeae3a0000 - 0x00007ffeae3cb000 	C:\WINDOWS\System32\GDI32.dll
0x00007ffeae540000 - 0x00007ffeae5e9000 	C:\WINDOWS\System32\msvcrt.dll
0x00007ffeae230000 - 0x00007ffeae35d000 	C:\WINDOWS\System32\gdi32full.dll
0x00007ffeae030000 - 0x00007ffeae0d3000 	C:\WINDOWS\System32\msvcp_win.dll
0x00007ffeae360000 - 0x00007ffeae38f000 	C:\WINDOWS\System32\IMM32.DLL
0x00007ffea8b60000 - 0x00007ffea8b6c000 	C:\Program Files\Java\jdk-25\bin\vcruntime140_1.dll
0x00007ffe77b70000 - 0x00007ffe77bfd000 	C:\Program Files\Java\jdk-25\bin\msvcp140.dll
0x00007ffe33e90000 - 0x00007ffe34cef000 	C:\Program Files\Java\jdk-25\bin\server\jvm.dll
0x00007ffeae7e0000 - 0x00007ffeae894000 	C:\WINDOWS\System32\ADVAPI32.dll
0x00007ffeae660000 - 0x00007ffeae706000 	C:\WINDOWS\System32\sechost.dll
0x00007ffeaf720000 - 0x00007ffeaf838000 	C:\WINDOWS\System32\RPCRT4.dll
0x00007ffeb03e0000 - 0x00007ffeb0454000 	C:\WINDOWS\System32\WS2_32.dll
0x00007ffead580000 - 0x00007ffead5de000 	C:\WINDOWS\SYSTEM32\POWRPROF.dll
0x00007ffea7420000 - 0x00007ffea742b000 	C:\WINDOWS\SYSTEM32\VERSION.dll
0x00007ffea0d10000 - 0x00007ffea0d45000 	C:\WINDOWS\SYSTEM32\WINMM.dll
0x00007ffead560000 - 0x00007ffead574000 	C:\WINDOWS\SYSTEM32\UMPDC.dll
0x00007ffeac4c0000 - 0x00007ffeac4db000 	C:\WINDOWS\SYSTEM32\kernel.appcore.dll
0x00007ffea6060000 - 0x00007ffea606a000 	C:\Program Files\Java\jdk-25\bin\jimage.dll
0x00007ffe99d50000 - 0x00007ffe99f92000 	C:\WINDOWS\SYSTEM32\DBGHELP.DLL
0x00007ffeaeed0000 - 0x00007ffeaf24b000 	C:\WINDOWS\System32\combase.dll
0x00007ffeae3d0000 - 0x00007ffeae4a7000 	C:\WINDOWS\System32\OLEAUT32.dll
0x00007ffe95160000 - 0x00007ffe9519d000 	C:\WINDOWS\SYSTEM32\dbgcore.DLL
0x00007ffead8a0000 - 0x00007ffead939000 	C:\WINDOWS\System32\bcryptPrimitives.dll
0x00007ffe8baf0000 - 0x00007ffe8bb0f000 	C:\Program Files\Java\jdk-25\bin\java.dll
0x00007ffeaf580000 - 0x00007ffeaf718000 	C:\WINDOWS\System32\ole32.dll
0x00007ffeafc80000 - 0x00007ffeb03cd000 	C:\WINDOWS\System32\SHELL32.dll
0x00007ffead940000 - 0x00007ffeadaac000 	C:\WINDOWS\System32\wintypes.dll
0x00007ffeab330000 - 0x00007ffeabb89000 	C:\WINDOWS\SYSTEM32\windows.storage.dll
0x00007ffeae8b0000 - 0x00007ffeae9a0000 	C:\WINDOWS\System32\SHCORE.dll
0x00007ffeae5f0000 - 0x00007ffeae652000 	C:\WINDOWS\System32\shlwapi.dll
0x00007ffead640000 - 0x00007ffead669000 	C:\WINDOWS\SYSTEM32\profapi.dll
0x00007ffe8b450000 - 0x00007ffe8b462000 	C:\Program Files\Java\jdk-25\bin\net.dll
0x00007ffeaca20000 - 0x00007ffeaca8b000 	C:\WINDOWS\system32\mswsock.dll
0x00007ffe89340000 - 0x00007ffe89356000 	C:\Program Files\Java\jdk-25\bin\nio.dll
0x00007ffe891d0000 - 0x00007ffe891e7000 	C:\Program Files\Java\jdk-25\bin\zip.dll
0x00007ffe94ff0000 - 0x00007ffe95014000 	C:\Users\ASUS\.m2\wrapper\dists\apache-maven-3.9.14\ed7edd442f634ac1c1ef5ba2b61b6d690b5221091f1a8e1123f5fadcc967520d\lib\jansi-native\Windows\x86_64\jansi.dll
0x00007ffe94de0000 - 0x00007ffe94df0000 	C:\Program Files\Java\jdk-25\bin\verify.dll

JVMTI agents: none

dbghelp: loaded successfully - version: 4.0.5 - missing functions: none
symbol engine: initialized successfully - sym options: 0x614 - pdb path: .;C:\Program Files\Java\jdk-25\bin;C:\WINDOWS\SYSTEM32;C:\WINDOWS\WinSxS\amd64_microsoft.windows.common-controls_6595b64144ccf1df_6.0.26100.5074_none_3e0d6f78e32fd63f;C:\Program Files\Java\jdk-25\bin\server;C:\Users\ASUS\.m2\wrapper\dists\apache-maven-3.9.14\ed7edd442f634ac1c1ef5ba2b61b6d690b5221091f1a8e1123f5fadcc967520d\lib\jansi-native\Windows\x86_64

VM Arguments:
jvm_args: --enable-native-access=ALL-UNNAMED -Dclassworlds.conf=C:\Users\ASUS\.m2\wrapper\dists\apache-maven-3.9.14\ed7edd442f634ac1c1ef5ba2b61b6d690b5221091f1a8e1123f5fadcc967520d\bin\m2.conf -Dmaven.home=C:\Users\ASUS\.m2\wrapper\dists\apache-maven-3.9.14\ed7edd442f634ac1c1ef5ba2b61b6d690b5221091f1a8e1123f5fadcc967520d -Dlibrary.jansi.path=C:\Users\ASUS\.m2\wrapper\dists\apache-maven-3.9.14\ed7edd442f634ac1c1ef5ba2b61b6d690b5221091f1a8e1123f5fadcc967520d\lib\jansi-native -Dmaven.multiModuleProjectDirectory=D:\SPRINGBOOT\register-system-backend-spring\register-system-backend-spring 
java_command: org.codehaus.plexus.classworlds.launcher.Launcher clean compile
java_class_path (initial): C:\Users\ASUS\.m2\wrapper\dists\apache-maven-3.9.14\ed7edd442f634ac1c1ef5ba2b61b6d690b5221091f1a8e1123f5fadcc967520d\boot\plexus-classworlds-2.9.0.jar
Launcher Type: SUN_STANDARD

[Global flags]
     intx CICompilerCount                          = 12                                        {product} {ergonomic}
     uint ConcGCThreads                            = 3                                         {product} {ergonomic}
     uint G1ConcRefinementThreads                  = 13                                        {product} {ergonomic}
   size_t G1HeapRegionSize                         = 1048576                                   {product} {ergonomic}
   size_t InitialHeapSize                          = 132120576                                 {product} {ergonomic}
   size_t MarkStackSize                            = 4194304                                   {product} {ergonomic}
   size_t MarkStackSizeMax                         = 536870912                                 {product} {ergonomic}
   size_t MaxHeapSize                              = 2101346304                                {product} {ergonomic}
   size_t MaxNewSize                               = 1260388352                                {product} {ergonomic}
   size_t MinHeapDeltaBytes                        = 1048576                                   {product} {ergonomic}
   size_t MinHeapSize                              = 8388608                                   {product} {ergonomic}
    uintx NonNMethodCodeHeapSize                   = 7602176                                {pd product} {ergonomic}
    uintx NonProfiledCodeHeapSize                  = 122093568                              {pd product} {ergonomic}
    uintx ProfiledCodeHeapSize                     = 121962496                              {pd product} {ergonomic}
    uintx ReservedCodeCacheSize                    = 251658240                              {pd product} {ergonomic}
     bool SegmentedCodeCache                       = true                                      {product} {ergonomic}
   size_t SoftMaxHeapSize                          = 2101346304                             {manageable} {ergonomic}
     bool UseCompressedOops                        = true                           {product lp64_product} {ergonomic}
     bool UseG1GC                                  = true                                      {product} {ergonomic}
     bool UseLargePagesIndividualAllocation        = false                                  {pd product} {ergonomic}

Logging:
Log output configuration:
 #0: stdout all=warning uptime,level,tags foldmultilines=false
 #1: stderr all=off uptime,level,tags foldmultilines=false

Release file:
IMPLEMENTOR="Oracle Corporation" 
JAVA_RUNTIME_VERSION="25.0.1+8-LTS-27" 
JAVA_VERSION="25.0.1" 
JAVA_VERSION_DATE="2025-10-21" 
LIBC="default" 
MODULES="java.base java.compiler java.datatransfer java.xml java.prefs java.desktop java.instrument java.logging java.management java.security.sasl java.naming java.rmi java.management.rmi java.net.http java.scripting java.security.jgss java.transaction.xa java.sql java.sql.rowset java.xml.crypto java.se java.smartcardio jdk.accessibility jdk.internal.jvmstat jdk.attach jdk.charsets jdk.internal.opt jdk.zipfs jdk.compiler jdk.crypto.cryptoki jdk.crypto.ec jdk.crypto.mscapi jdk.dynalink jdk.internal.ed jdk.editpad jdk.internal.vm.ci jdk.graal.compiler jdk.graal.compiler.management jdk.hotspot.agent jdk.httpserver jdk.incubator.vector jdk.internal.le jdk.internal.md jdk.jartool jdk.javadoc jdk.jcmd jdk.management jdk.management.agent jdk.jconsole jdk.jdeps jdk.jdwp.agent jdk.jdi jdk.jfr jdk.jlink jdk.jpackage jdk.jshell jdk.jsobject jdk.jstatd jdk.localedata jdk.management.jfr jdk.naming.dns jdk.naming.rmi jdk.net jdk.nio.mapmode jdk.sctp jdk.security.auth jdk.security.jgss jdk.unsupported jdk.unsupported.desktop jdk.xml.dom" 
OS_ARCH="x86_64" 
OS_NAME="Windows" 
SOURCE=".:git:862c85bc42b7 open:git:78770bfaefd2" 

Environment Variables:
PATH=C:\Program Files\Java\jdk-25\bin;C:\Program Files\Python313\Scripts\;C:\Program Files\Python313\;C:\Program Files (x86)\VMware\VMware Workstation\bin\;C:\WINDOWS\system32;C:\WINDOWS;C:\WINDOWS\System32\Wbem;C:\WINDOWS\System32\WindowsPowerShell\v1.0\;C:\WINDOWS\System32\OpenSSH\;C:\Program Files\NVIDIA Corporation\NVIDIA App\NvDLISR;C:\Program Files (x86)\NVIDIA Corporation\PhysX\Common;C:\Program Files\dotnet\;C:\php-8.4.7;C:\ProgramData\ComposerSetup\bin;C:\Program Files\nodejs\;C:\Program Files\Git\cmd;C:\Program Files\MongoDB\Server\8.2\bin;C:\Program Files\Java\jdk-25\;;C:\ProgramData\chocolatey\bin;C:\Program Files\Microsoft SQL Server\150\Tools\Binn\;C:\Program Files\Microsoft SQL Server\Client SDK\ODBC\170\Tools\Binn\;C:\Program Files\Microsoft SQL Server\170\DTS\Binn\;C:\Program Files\Docker\Docker\resources\bin;c:\Users\ASUS\AppData\Local\Programs\cursor\resources\app\codeBin;C:\Program Files\Java\jdk-25\bin;C:\Users\ASUS\AppData\Local\Microsoft\WindowsApps;C:\Visaul Studio\Microsoft VS Code\bin;C:\Users\ASUS\AppData\Local\Programs\Azure Data Studio\bin;C:\Program Files\Azure Data Studio\bin;C:\Users\ASUS\AppData\Local\GitHubDesktop\bin;C:\Users\ASUS\AppData\Roaming\Composer\vendor\bin;C:\Users\ASUS\AppData\Roaming\npm;C:\Program Files\mongosh\;C:\Program Files\IntelliJ IDEA 2025.2.3\bin;C:\Program Files\JetBrains\WebStorm 2025.2.3\bin;C:\Program Files (x86)\Microsoft Visual Studio\Shared\NuGetPackages\microsoft.visualstudio.javascript.sdk;C:\Program Files\Java\jdk-25\;C:\Users\ASUS\.dotnet\tools;C:\Users\ASUS\AppData\Local\Microsoft\WinGet\Links;C:\Users\ASUS\AppData\Local\Programs\Antigravity\bin;C:\Users\ASUS\AppData\Local\Programs\cursor\resources\app\bin
USERNAME=ASUS
LANG=en_US.UTF-8
OS=Windows_NT
PROCESSOR_IDENTIFIER=AMD64 Family 25 Model 68 Stepping 1, AuthenticAMD
TMP=C:\Users\ASUS\AppData\Local\Temp
TEMP=C:\Users\ASUS\AppData\Local\Temp




Compilation memory statistics disabled.

Periodic native trim disabled

---------------  S Y S T E M  ---------------

OS:
 Windows 11 , 64 bit Build 26100 (10.0.26100.5074)
OS uptime: 0 days 1:31 hours
Hyper-V role detected

CPU: total 16 (initial active 16) (16 cores per cpu, 2 threads per core) family 25 model 68 stepping 1 microcode 0xa404107, cx8, cmov, fxsr, ht, mmx, 3dnowpref, sse, sse2, sse3, ssse3, sse4a, sse4.1, sse4.2, popcnt, lzcnt, tsc, tscinvbit, avx, avx2, aes, erms, clmul, bmi1, bmi2, adx, sha, fma, vzeroupper, clflush, clflushopt, clwb, hv, rdtscp, rdpid, fsrm, f16c, cet_ss
Processor Information for the first 16 processors :
  Max Mhz: 3100, Current Mhz: 3100, Mhz Limit: 3100

Memory: 4k page, system-wide physical 8010M (534M free)
TotalPageFile size 24394M (AvailPageFile size 38M)
current process WorkingSet (physical memory assigned to process): 250M, peak: 250M
current process commit charge ("private bytes"): 293M, peak: 313M

vm_info: Java HotSpot(TM) 64-Bit Server VM (25.0.1+8-LTS-27) for windows-amd64 JRE (25.0.1+8-LTS-27), built on 2025-09-25T16:41:16Z with unknown MS VC++:1943

END.
